d:\_\__sdl projects\game3001\_summer2022\lab 4\template\intermediate\debug\vc143.pdb
d:\_\__sdl projects\game3001\_summer2022\lab 4\template\intermediate\debug\vc143.idb
d:\_\__sdl projects\game3001\_summer2022\lab 4\template\intermediate\debug\fontmanager.obj
d:\_\__sdl projects\game3001\_summer2022\lab 4\template\intermediate\debug\endscene.obj
d:\_\__sdl projects\game3001\_summer2022\lab 4\template\intermediate\debug\displayobject.obj
d:\_\__sdl projects\game3001\_summer2022\lab 4\template\intermediate\debug\uicontrol.obj
d:\_\__sdl projects\game3001\_summer2022\lab 4\template\intermediate\debug\tiledlevel.obj
d:\_\__sdl projects\game3001\_summer2022\lab 4\template\intermediate\debug\tile.obj
d:\_\__sdl projects\game3001\_summer2022\lab 4\template\intermediate\debug\starship.obj
d:\_\__sdl projects\game3001\_summer2022\lab 4\template\intermediate\debug\sprite.obj
d:\_\__sdl projects\game3001\_summer2022\lab 4\template\intermediate\debug\obstacle.obj
d:\_\__sdl projects\game3001\_summer2022\lab 4\template\intermediate\debug\navigationobject.obj
d:\_\__sdl projects\game3001\_summer2022\lab 4\template\intermediate\debug\imguiwindowframe.obj
d:\_\__sdl projects\game3001\_summer2022\lab 4\template\intermediate\debug\collisionmanager.obj
d:\_\__sdl projects\game3001\_summer2022\lab 4\template\intermediate\debug\button.obj
d:\_\__sdl projects\game3001\_summer2022\lab 4\template\intermediate\debug\agent.obj
d:\_\__sdl projects\game3001\_summer2022\lab 4\template\intermediate\debug\imgui_sdl.obj
d:\_\__sdl projects\game3001\_summer2022\lab 4\template\intermediate\debug\imgui_widgets.obj
d:\_\__sdl projects\game3001\_summer2022\lab 4\template\intermediate\debug\imgui_tables.obj
d:\_\__sdl projects\game3001\_summer2022\lab 4\template\intermediate\debug\imgui_draw.obj
d:\_\__sdl projects\game3001\_summer2022\lab 4\template\intermediate\debug\imgui_demo.obj
d:\_\__sdl projects\game3001\_summer2022\lab 4\template\intermediate\debug\imgui.obj
d:\_\__sdl projects\game3001\_summer2022\lab 4\template\intermediate\debug\util.obj
d:\_\__sdl projects\game3001\_summer2022\lab 4\template\intermediate\debug\texturemanager.obj
d:\_\__sdl projects\game3001\_summer2022\lab 4\template\intermediate\debug\target.obj
d:\_\__sdl projects\game3001\_summer2022\lab 4\template\intermediate\debug\startscene.obj
d:\_\__sdl projects\game3001\_summer2022\lab 4\template\intermediate\debug\spritesheet.obj
d:\_\__sdl projects\game3001\_summer2022\lab 4\template\intermediate\debug\eventmanager.obj
d:\_\__sdl projects\game3001\_summer2022\lab 4\template\intermediate\debug\soundmanager.obj
d:\_\__sdl projects\game3001\_summer2022\lab 4\template\intermediate\debug\ship.obj
d:\_\__sdl projects\game3001\_summer2022\lab 4\template\intermediate\debug\scene.obj
d:\_\__sdl projects\game3001\_summer2022\lab 4\template\intermediate\debug\renderer.obj
d:\_\__sdl projects\game3001\_summer2022\lab 4\template\intermediate\debug\player.obj
d:\_\__sdl projects\game3001\_summer2022\lab 4\template\intermediate\debug\plane.obj
d:\_\__sdl projects\game3001\_summer2022\lab 4\template\intermediate\debug\main.obj
d:\_\__sdl projects\game3001\_summer2022\lab 4\template\intermediate\debug\playscene.obj
d:\_\__sdl projects\game3001\_summer2022\lab 4\template\intermediate\debug\label.obj
d:\_\__sdl projects\game3001\_summer2022\lab 4\template\intermediate\debug\gameobject.obj
d:\_\__sdl projects\game3001\_summer2022\lab 4\template\intermediate\debug\gamecontroller.obj
d:\_\__sdl projects\game3001\_summer2022\lab 4\template\intermediate\debug\game.obj
d:\_\__sdl projects\game3001\_summer2022\lab 4\template\intermediate\debug\template.ilk
d:\_\__sdl projects\game3001\_summer2022\lab 4\bin\debug\template.exe
d:\_\__sdl projects\game3001\_summer2022\lab 4\bin\debug\template.pdb
d:\_\__sdl projects\game3001\_summer2022\lab 4\template\intermediate\debug\template.vcxproj.filelistabsolute.txt
d:\_\__sdl projects\game3001\_summer2022\lab 4\template\intermediate\debug\template.tlog\cl.command.1.tlog
d:\_\__sdl projects\game3001\_summer2022\lab 4\template\intermediate\debug\template.tlog\cl.read.1.tlog
d:\_\__sdl projects\game3001\_summer2022\lab 4\template\intermediate\debug\template.tlog\cl.write.1.tlog
d:\_\__sdl projects\game3001\_summer2022\lab 4\template\intermediate\debug\template.tlog\link.command.1.tlog
d:\_\__sdl projects\game3001\_summer2022\lab 4\template\intermediate\debug\template.tlog\link.read.1.tlog
d:\_\__sdl projects\game3001\_summer2022\lab 4\template\intermediate\debug\template.tlog\link.write.1.tlog
